[debug] [2025-10-19T02:20:49.583Z] ----------------------------------------------------------------------
[debug] [2025-10-19T02:20:49.587Z] Command:       C:\Program Files\nodejs\node.exe C:\Users\robeo\AppData\Roaming\npm\node_modules\firebase-tools\lib\bin\firebase.js emulators:start --only firestore --project square-picks-vpbb8d
[debug] [2025-10-19T02:20:49.588Z] CLI Version:   14.18.0
[debug] [2025-10-19T02:20:49.588Z] Platform:      win32
[debug] [2025-10-19T02:20:49.589Z] Node Version:  v22.18.0
[debug] [2025-10-19T02:20:49.589Z] Time:          Sat Oct 18 2025 22:20:49 GMT-0400 (Eastern Daylight Time)
[debug] [2025-10-19T02:20:49.589Z] ----------------------------------------------------------------------
[debug] 
[debug] [2025-10-19T02:20:50.291Z] > command requires scopes: ["email","openid","https://www.googleapis.com/auth/cloudplatformprojects.readonly","https://www.googleapis.com/auth/firebase","https://www.googleapis.com/auth/cloud-platform"]
[debug] [2025-10-19T02:20:50.292Z] > authorizing via signed-in user (redrobdtown1@gmail.com)
[debug] [2025-10-19T02:20:50.829Z] java version "23.0.1" 2024-10-15

[debug] [2025-10-19T02:20:50.830Z] Java(TM) SE Runtime Environment (build 23.0.1+11-39)
Java HotSpot(TM) 64-Bit Server VM (build 23.0.1+11-39, mixed mode, sharing)

[debug] [2025-10-19T02:20:50.876Z] Parsed Java major version: 23
[info] i  emulators: Starting emulators: firestore {"metadata":{"emulator":{"name":"hub"},"message":"Starting emulators: firestore"}}
[debug] [2025-10-19T02:20:50.905Z] [logging] Logging Emulator only supports listening on one address (127.0.0.1). Not listening on ::1
[debug] [2025-10-19T02:20:50.905Z] [firestore] Firestore Emulator only supports listening on one address (127.0.0.1). Not listening on ::1
[debug] [2025-10-19T02:20:50.905Z] [firestore.websocket] websocket server for firestore only supports listening on one address (127.0.0.1). Not listening on ::1
[debug] [2025-10-19T02:20:50.906Z] assigned listening specs for emulators {"user":{"hub":[{"address":"127.0.0.1","family":"IPv4","port":4400},{"address":"::1","family":"IPv6","port":4400}],"ui":[{"address":"127.0.0.1","family":"IPv4","port":4000},{"address":"::1","family":"IPv6","port":4000}],"logging":[{"address":"127.0.0.1","family":"IPv4","port":4500}],"firestore":[{"address":"127.0.0.1","family":"IPv4","port":8080}],"firestore.websocket":[{"address":"127.0.0.1","family":"IPv4","port":9150}]},"metadata":{"message":"assigned listening specs for emulators"}}
[debug] [2025-10-19T02:20:50.916Z] Emulator locator file path: C:\Users\robeo\AppData\Local\Temp\hub-square-picks-vpbb8d.json
[debug] [2025-10-19T02:20:50.916Z] [hub] writing locator at C:\Users\robeo\AppData\Local\Temp\hub-square-picks-vpbb8d.json
[info] i  firestore: downloading cloud-firestore-emulator-v1.19.8.jar... {"metadata":{"emulator":{"name":"firestore"},"message":"downloading cloud-firestore-emulator-v1.19.8.jar..."}}
[debug] [2025-10-19T02:20:50.956Z] >>> [apiv2][query] GET https://storage.googleapis.com/firebase-preview-drop/emulator/cloud-firestore-emulator-v1.19.8.jar 
[debug] [2025-10-19T02:20:51.137Z] <<< [apiv2][status] GET https://storage.googleapis.com/firebase-preview-drop/emulator/cloud-firestore-emulator-v1.19.8.jar 200
[debug] [2025-10-19T02:20:51.138Z] <<< [apiv2][body] GET https://storage.googleapis.com/firebase-preview-drop/emulator/cloud-firestore-emulator-v1.19.8.jar [stream]
[info] i  firestore: Removing outdated emulator files: cloud-firestore-emulator-v1.19.7.jar {"metadata":{"emulator":{"name":"firestore"},"message":"Removing outdated emulator files: cloud-firestore-emulator-v1.19.7.jar"}}
[debug] [2025-10-19T02:20:55.083Z] Ignoring unsupported arg: auto_download {"metadata":{"emulator":{"name":"firestore"},"message":"Ignoring unsupported arg: auto_download"}}
[debug] [2025-10-19T02:20:55.084Z] Ignoring unsupported arg: single_project_mode_error {"metadata":{"emulator":{"name":"firestore"},"message":"Ignoring unsupported arg: single_project_mode_error"}}
[debug] [2025-10-19T02:20:55.084Z] Starting Firestore Emulator with command {"binary":"java","args":["-Dgoogle.cloud_firestore.debug_log_level=FINE","-Duser.language=en","-jar","C:\\Users\\robeo\\.cache\\firebase\\emulators\\cloud-firestore-emulator-v1.19.8.jar","--host","127.0.0.1","--port",8080,"--websocket_port",9150,"--project_id","square-picks-vpbb8d","--rules","C:\\Users\\robeo\\Documents\\squarepicks\\firestore.rules","--single_project_mode",true],"optionalArgs":["port","webchannel_port","host","rules","websocket_port","functions_emulator","seed_from_export","project_id","single_project_mode"],"joinArgs":false,"shell":false,"port":8080} {"metadata":{"emulator":{"name":"firestore"},"message":"Starting Firestore Emulator with command {\"binary\":\"java\",\"args\":[\"-Dgoogle.cloud_firestore.debug_log_level=FINE\",\"-Duser.language=en\",\"-jar\",\"C:\\\\Users\\\\robeo\\\\.cache\\\\firebase\\\\emulators\\\\cloud-firestore-emulator-v1.19.8.jar\",\"--host\",\"127.0.0.1\",\"--port\",8080,\"--websocket_port\",9150,\"--project_id\",\"square-picks-vpbb8d\",\"--rules\",\"C:\\\\Users\\\\robeo\\\\Documents\\\\squarepicks\\\\firestore.rules\",\"--single_project_mode\",true],\"optionalArgs\":[\"port\",\"webchannel_port\",\"host\",\"rules\",\"websocket_port\",\"functions_emulator\",\"seed_from_export\",\"project_id\",\"single_project_mode\"],\"joinArgs\":false,\"shell\":false,\"port\":8080}"}}
[info] i  firestore: Firestore Emulator logging to firestore-debug.log {"metadata":{"emulator":{"name":"firestore"},"message":"Firestore Emulator logging to firestore-debug.log"}}
[info] +  firestore: Firestore Emulator UI websocket is running on 9150. {"metadata":{"emulator":{"name":"firestore"},"message":"Firestore Emulator UI websocket is running on 9150."}}
[info] i  ui: downloading ui-v1.15.0.zip... {"metadata":{"emulator":{"name":"ui"},"message":"downloading ui-v1.15.0.zip..."}}
[debug] [2025-10-19T02:21:06.617Z] >>> [apiv2][query] GET https://storage.googleapis.com/firebase-preview-drop/emulator/ui-v1.15.0.zip 
[debug] [2025-10-19T02:21:06.814Z] <<< [apiv2][status] GET https://storage.googleapis.com/firebase-preview-drop/emulator/ui-v1.15.0.zip 200
[debug] [2025-10-19T02:21:06.817Z] <<< [apiv2][body] GET https://storage.googleapis.com/firebase-preview-drop/emulator/ui-v1.15.0.zip [stream]
[debug] [2025-10-19T02:21:07.389Z] Data is 3538469
[debug] [2025-10-19T02:21:07.390Z] [unzip] Entry: client/ (compressed_size=0 bytes, uncompressed_size=0 bytes)
[debug] [2025-10-19T02:21:07.390Z] [unzip] Processing entry: client\
[debug] [2025-10-19T02:21:07.390Z] [unzip] mkdir: C:\Users\robeo\.cache\firebase\emulators\ui-v1.15.0\client\
[debug] [2025-10-19T02:21:07.393Z] [unzip] Entry: client/favicon-16x16.png (compressed_size=293 bytes, uncompressed_size=293 bytes)
[debug] [2025-10-19T02:21:07.394Z] [unzip] Processing entry: client\favicon-16x16.png
[debug] [2025-10-19T02:21:07.394Z] [unzip] else mkdir: C:\Users\robeo\.cache\firebase\emulators\ui-v1.15.0\client
[debug] [2025-10-19T02:21:07.396Z] [unzip] Writing file: C:\Users\robeo\.cache\firebase\emulators\ui-v1.15.0\client\favicon-16x16.png
[debug] [2025-10-19T02:21:07.407Z] [unzip] Entry: client/safari-pinned-tab.svg (compressed_size=1433 bytes, uncompressed_size=2611 bytes)
[debug] [2025-10-19T02:21:07.407Z] [unzip] Processing entry: client\safari-pinned-tab.svg
[debug] [2025-10-19T02:21:07.407Z] [unzip] else mkdir: C:\Users\robeo\.cache\firebase\emulators\ui-v1.15.0\client
[debug] [2025-10-19T02:21:07.408Z] [unzip] deflating: C:\Users\robeo\.cache\firebase\emulators\ui-v1.15.0\client\safari-pinned-tab.svg
[debug] [2025-10-19T02:21:07.444Z] [unzip] Entry: client/favicon.ico (compressed_size=2933 bytes, uncompressed_size=13294 bytes)
[debug] [2025-10-19T02:21:07.444Z] [unzip] Processing entry: client\favicon.ico
[debug] [2025-10-19T02:21:07.444Z] [unzip] else mkdir: C:\Users\robeo\.cache\firebase\emulators\ui-v1.15.0\client
[debug] [2025-10-19T02:21:07.445Z] [unzip] deflating: C:\Users\robeo\.cache\firebase\emulators\ui-v1.15.0\client\favicon.ico
[debug] [2025-10-19T02:21:07.457Z] [unzip] Entry: client/index.html (compressed_size=1364 bytes, uncompressed_size=3071 bytes)
[debug] [2025-10-19T02:21:07.457Z] [unzip] Processing entry: client\index.html
[debug] [2025-10-19T02:21:07.457Z] [unzip] else mkdir: C:\Users\robeo\.cache\firebase\emulators\ui-v1.15.0\client
[debug] [2025-10-19T02:21:07.458Z] [unzip] deflating: C:\Users\robeo\.cache\firebase\emulators\ui-v1.15.0\client\index.html
[debug] [2025-10-19T02:21:07.464Z] [unzip] Entry: client/android-chrome-192x192.png (compressed_size=2684 bytes, uncompressed_size=2684 bytes)
[debug] [2025-10-19T02:21:07.465Z] [unzip] Processing entry: client\android-chrome-192x192.png
[debug] [2025-10-19T02:21:07.466Z] [unzip] else mkdir: C:\Users\robeo\.cache\firebase\emulators\ui-v1.15.0\client
[debug] [2025-10-19T02:21:07.468Z] [unzip] Writing file: C:\Users\robeo\.cache\firebase\emulators\ui-v1.15.0\client\android-chrome-192x192.png
[debug] [2025-10-19T02:21:07.473Z] [unzip] Entry: client/apple-touch-icon.png (compressed_size=2123 bytes, uncompressed_size=2152 bytes)
[debug] [2025-10-19T02:21:07.474Z] [unzip] Processing entry: client\apple-touch-icon.png
[debug] [2025-10-19T02:21:07.474Z] [unzip] else mkdir: C:\Users\robeo\.cache\firebase\emulators\ui-v1.15.0\client
[debug] [2025-10-19T02:21:07.475Z] [unzip] deflating: C:\Users\robeo\.cache\firebase\emulators\ui-v1.15.0\client\apple-touch-icon.png
[debug] [2025-10-19T02:21:07.489Z] [unzip] Entry: client/android-chrome-512x512.png (compressed_size=5369 bytes, uncompressed_size=5411 bytes)
[debug] [2025-10-19T02:21:07.490Z] [unzip] Processing entry: client\android-chrome-512x512.png
[debug] [2025-10-19T02:21:07.490Z] [unzip] else mkdir: C:\Users\robeo\.cache\firebase\emulators\ui-v1.15.0\client
[debug] [2025-10-19T02:21:07.491Z] [unzip] deflating: C:\Users\robeo\.cache\firebase\emulators\ui-v1.15.0\client\android-chrome-512x512.png
[debug] [2025-10-19T02:21:07.495Z] [unzip] Entry: client/manifest.json (compressed_size=245 bytes, uncompressed_size=551 bytes)
[debug] [2025-10-19T02:21:07.496Z] [unzip] Processing entry: client\manifest.json
[debug] [2025-10-19T02:21:07.496Z] [unzip] else mkdir: C:\Users\robeo\.cache\firebase\emulators\ui-v1.15.0\client
[debug] [2025-10-19T02:21:07.500Z] [unzip] deflating: C:\Users\robeo\.cache\firebase\emulators\ui-v1.15.0\client\manifest.json
[debug] [2025-10-19T02:21:07.509Z] [unzip] Entry: client/robots.txt (compressed_size=26 bytes, uncompressed_size=26 bytes)
[debug] [2025-10-19T02:21:07.510Z] [unzip] Processing entry: client\robots.txt
[debug] [2025-10-19T02:21:07.510Z] [unzip] else mkdir: C:\Users\robeo\.cache\firebase\emulators\ui-v1.15.0\client
[debug] [2025-10-19T02:21:07.510Z] [unzip] Writing file: C:\Users\robeo\.cache\firebase\emulators\ui-v1.15.0\client\robots.txt
[debug] [2025-10-19T02:21:07.518Z] [unzip] Entry: client/mstile-150x150.png (compressed_size=2034 bytes, uncompressed_size=2034 bytes)
[debug] [2025-10-19T02:21:07.519Z] [unzip] Processing entry: client\mstile-150x150.png
[debug] [2025-10-19T02:21:07.519Z] [unzip] else mkdir: C:\Users\robeo\.cache\firebase\emulators\ui-v1.15.0\client
[debug] [2025-10-19T02:21:07.522Z] [unzip] Writing file: C:\Users\robeo\.cache\firebase\emulators\ui-v1.15.0\client\mstile-150x150.png
[debug] [2025-10-19T02:21:07.525Z] [unzip] Entry: client/assets/ (compressed_size=0 bytes, uncompressed_size=0 bytes)
[debug] [2025-10-19T02:21:07.525Z] [unzip] Processing entry: client\assets\
[debug] [2025-10-19T02:21:07.525Z] [unzip] mkdir: C:\Users\robeo\.cache\firebase\emulators\ui-v1.15.0\client\assets\
[debug] [2025-10-19T02:21:07.527Z] [unzip] Entry: client/assets/index-BX-A56oj.js (compressed_size=582089 bytes, uncompressed_size=2092775 bytes)
[debug] [2025-10-19T02:21:07.527Z] [unzip] Processing entry: client\assets\index-BX-A56oj.js
[debug] [2025-10-19T02:21:07.527Z] [unzip] else mkdir: C:\Users\robeo\.cache\firebase\emulators\ui-v1.15.0\client\assets
[debug] [2025-10-19T02:21:07.528Z] [unzip] deflating: C:\Users\robeo\.cache\firebase\emulators\ui-v1.15.0\client\assets\index-BX-A56oj.js
[debug] [2025-10-19T02:21:07.597Z] [unzip] Entry: client/assets/index-CjB9C900.css (compressed_size=35979 bytes, uncompressed_size=298654 bytes)
[debug] [2025-10-19T02:21:07.598Z] [unzip] Processing entry: client\assets\index-CjB9C900.css
[debug] [2025-10-19T02:21:07.598Z] [unzip] else mkdir: C:\Users\robeo\.cache\firebase\emulators\ui-v1.15.0\client\assets
[debug] [2025-10-19T02:21:07.601Z] [unzip] deflating: C:\Users\robeo\.cache\firebase\emulators\ui-v1.15.0\client\assets\index-CjB9C900.css
[debug] [2025-10-19T02:21:07.611Z] [unzip] Entry: client/assets/index-BX-A56oj.js.map (compressed_size=2362482 bytes, uncompressed_size=10036679 bytes)
[debug] [2025-10-19T02:21:07.612Z] [unzip] Processing entry: client\assets\index-BX-A56oj.js.map
[debug] [2025-10-19T02:21:07.612Z] [unzip] else mkdir: C:\Users\robeo\.cache\firebase\emulators\ui-v1.15.0\client\assets
[debug] [2025-10-19T02:21:07.613Z] [unzip] deflating: C:\Users\robeo\.cache\firebase\emulators\ui-v1.15.0\client\assets\index-BX-A56oj.js.map
[debug] [2025-10-19T02:21:08.175Z] [unzip] Entry: client/assets/extensions/ (compressed_size=0 bytes, uncompressed_size=0 bytes)
[debug] [2025-10-19T02:21:08.175Z] [unzip] Processing entry: client\assets\extensions\
[debug] [2025-10-19T02:21:08.175Z] [unzip] mkdir: C:\Users\robeo\.cache\firebase\emulators\ui-v1.15.0\client\assets\extensions\
[debug] [2025-10-19T02:21:08.177Z] [unzip] Entry: client/assets/extensions/default-extension.png (compressed_size=1646 bytes, uncompressed_size=1657 bytes)
[debug] [2025-10-19T02:21:08.177Z] [unzip] Processing entry: client\assets\extensions\default-extension.png
[debug] [2025-10-19T02:21:08.177Z] [unzip] else mkdir: C:\Users\robeo\.cache\firebase\emulators\ui-v1.15.0\client\assets\extensions
[debug] [2025-10-19T02:21:08.179Z] [unzip] deflating: C:\Users\robeo\.cache\firebase\emulators\ui-v1.15.0\client\assets\extensions\default-extension.png
[debug] [2025-10-19T02:21:08.189Z] [unzip] Entry: client/assets/img/ (compressed_size=0 bytes, uncompressed_size=0 bytes)
[debug] [2025-10-19T02:21:08.190Z] [unzip] Processing entry: client\assets\img\
[debug] [2025-10-19T02:21:08.190Z] [unzip] mkdir: C:\Users\robeo\.cache\firebase\emulators\ui-v1.15.0\client\assets\img\
[debug] [2025-10-19T02:21:08.191Z] [unzip] Entry: client/assets/img/database.png (compressed_size=29449 bytes, uncompressed_size=29988 bytes)
[debug] [2025-10-19T02:21:08.192Z] [unzip] Processing entry: client\assets\img\database.png
[debug] [2025-10-19T02:21:08.192Z] [unzip] else mkdir: C:\Users\robeo\.cache\firebase\emulators\ui-v1.15.0\client\assets\img
[debug] [2025-10-19T02:21:08.193Z] [unzip] deflating: C:\Users\robeo\.cache\firebase\emulators\ui-v1.15.0\client\assets\img\database.png
[debug] [2025-10-19T02:21:08.203Z] [unzip] Entry: client/assets/provider-icons/ (compressed_size=0 bytes, uncompressed_size=0 bytes)
[debug] [2025-10-19T02:21:08.203Z] [unzip] Processing entry: client\assets\provider-icons\
[debug] [2025-10-19T02:21:08.203Z] [unzip] mkdir: C:\Users\robeo\.cache\firebase\emulators\ui-v1.15.0\client\assets\provider-icons\
[debug] [2025-10-19T02:21:08.206Z] [unzip] Entry: client/assets/provider-icons/auth_service_saml.svg (compressed_size=575 bytes, uncompressed_size=1226 bytes)
[debug] [2025-10-19T02:21:08.206Z] [unzip] Processing entry: client\assets\provider-icons\auth_service_saml.svg
[debug] [2025-10-19T02:21:08.207Z] [unzip] else mkdir: C:\Users\robeo\.cache\firebase\emulators\ui-v1.15.0\client\assets\provider-icons
[debug] [2025-10-19T02:21:08.208Z] [unzip] deflating: C:\Users\robeo\.cache\firebase\emulators\ui-v1.15.0\client\assets\provider-icons\auth_service_saml.svg
[debug] [2025-10-19T02:21:08.211Z] [unzip] Entry: client/assets/provider-icons/auth_service_phone.svg (compressed_size=261 bytes, uncompressed_size=414 bytes)
[debug] [2025-10-19T02:21:08.211Z] [unzip] Processing entry: client\assets\provider-icons\auth_service_phone.svg
[debug] [2025-10-19T02:21:08.212Z] [unzip] else mkdir: C:\Users\robeo\.cache\firebase\emulators\ui-v1.15.0\client\assets\provider-icons
[debug] [2025-10-19T02:21:08.214Z] [unzip] deflating: C:\Users\robeo\.cache\firebase\emulators\ui-v1.15.0\client\assets\provider-icons\auth_service_phone.svg
[debug] [2025-10-19T02:21:08.223Z] [unzip] Entry: client/assets/provider-icons/auth_service_facebook.svg (compressed_size=289 bytes, uncompressed_size=457 bytes)
[debug] [2025-10-19T02:21:08.223Z] [unzip] Processing entry: client\assets\provider-icons\auth_service_facebook.svg
[debug] [2025-10-19T02:21:08.223Z] [unzip] else mkdir: C:\Users\robeo\.cache\firebase\emulators\ui-v1.15.0\client\assets\provider-icons
[debug] [2025-10-19T02:21:08.224Z] [unzip] deflating: C:\Users\robeo\.cache\firebase\emulators\ui-v1.15.0\client\assets\provider-icons\auth_service_facebook.svg
[debug] [2025-10-19T02:21:08.231Z] [unzip] Entry: client/assets/provider-icons/auth_service_game_center.svg (compressed_size=991 bytes, uncompressed_size=3921 bytes)
[debug] [2025-10-19T02:21:08.233Z] [unzip] Processing entry: client\assets\provider-icons\auth_service_game_center.svg
[debug] [2025-10-19T02:21:08.234Z] [unzip] else mkdir: C:\Users\robeo\.cache\firebase\emulators\ui-v1.15.0\client\assets\provider-icons
[debug] [2025-10-19T02:21:08.235Z] [unzip] deflating: C:\Users\robeo\.cache\firebase\emulators\ui-v1.15.0\client\assets\provider-icons\auth_service_game_center.svg
[debug] [2025-10-19T02:21:08.244Z] [unzip] Entry: client/assets/provider-icons/auth_service_apple.svg (compressed_size=230 bytes, uncompressed_size=334 bytes)
[debug] [2025-10-19T02:21:08.244Z] [unzip] Processing entry: client\assets\provider-icons\auth_service_apple.svg
[debug] [2025-10-19T02:21:08.244Z] [unzip] else mkdir: C:\Users\robeo\.cache\firebase\emulators\ui-v1.15.0\client\assets\provider-icons
[debug] [2025-10-19T02:21:08.246Z] [unzip] deflating: C:\Users\robeo\.cache\firebase\emulators\ui-v1.15.0\client\assets\provider-icons\auth_service_apple.svg
[debug] [2025-10-19T02:21:08.250Z] [unzip] Entry: client/assets/provider-icons/auth_service_github.svg (compressed_size=466 bytes, uncompressed_size=838 bytes)
[debug] [2025-10-19T02:21:08.251Z] [unzip] Processing entry: client\assets\provider-icons\auth_service_github.svg
[debug] [2025-10-19T02:21:08.251Z] [unzip] else mkdir: C:\Users\robeo\.cache\firebase\emulators\ui-v1.15.0\client\assets\provider-icons
[debug] [2025-10-19T02:21:08.252Z] [unzip] deflating: C:\Users\robeo\.cache\firebase\emulators\ui-v1.15.0\client\assets\provider-icons\auth_service_github.svg
[debug] [2025-10-19T02:21:08.257Z] [unzip] Entry: client/assets/provider-icons/auth_service_mslive.svg (compressed_size=203 bytes, uncompressed_size=378 bytes)
[debug] [2025-10-19T02:21:08.257Z] [unzip] Processing entry: client\assets\provider-icons\auth_service_mslive.svg
[debug] [2025-10-19T02:21:08.257Z] [unzip] else mkdir: C:\Users\robeo\.cache\firebase\emulators\ui-v1.15.0\client\assets\provider-icons
[debug] [2025-10-19T02:21:08.258Z] [unzip] deflating: C:\Users\robeo\.cache\firebase\emulators\ui-v1.15.0\client\assets\provider-icons\auth_service_mslive.svg
[debug] [2025-10-19T02:21:08.272Z] [unzip] Entry: client/assets/provider-icons/auth_service_yahoo.svg (compressed_size=577 bytes, uncompressed_size=1182 bytes)
[debug] [2025-10-19T02:21:08.272Z] [unzip] Processing entry: client\assets\provider-icons\auth_service_yahoo.svg
[debug] [2025-10-19T02:21:08.272Z] [unzip] else mkdir: C:\Users\robeo\.cache\firebase\emulators\ui-v1.15.0\client\assets\provider-icons
[debug] [2025-10-19T02:21:08.274Z] [unzip] deflating: C:\Users\robeo\.cache\firebase\emulators\ui-v1.15.0\client\assets\provider-icons\auth_service_yahoo.svg
[debug] [2025-10-19T02:21:08.277Z] [unzip] Entry: client/assets/provider-icons/auth_service_twitter.svg (compressed_size=444 bytes, uncompressed_size=751 bytes)
[debug] [2025-10-19T02:21:08.278Z] [unzip] Processing entry: client\assets\provider-icons\auth_service_twitter.svg
[debug] [2025-10-19T02:21:08.278Z] [unzip] else mkdir: C:\Users\robeo\.cache\firebase\emulators\ui-v1.15.0\client\assets\provider-icons
[debug] [2025-10-19T02:21:08.285Z] [unzip] deflating: C:\Users\robeo\.cache\firebase\emulators\ui-v1.15.0\client\assets\provider-icons\auth_service_twitter.svg
[debug] [2025-10-19T02:21:08.292Z] [unzip] Entry: client/assets/provider-icons/auth_service_play_games.svg (compressed_size=565 bytes, uncompressed_size=1173 bytes)
[debug] [2025-10-19T02:21:08.292Z] [unzip] Processing entry: client\assets\provider-icons\auth_service_play_games.svg
[debug] [2025-10-19T02:21:08.292Z] [unzip] else mkdir: C:\Users\robeo\.cache\firebase\emulators\ui-v1.15.0\client\assets\provider-icons
[debug] [2025-10-19T02:21:08.293Z] [unzip] deflating: C:\Users\robeo\.cache\firebase\emulators\ui-v1.15.0\client\assets\provider-icons\auth_service_play_games.svg
[debug] [2025-10-19T02:21:08.307Z] [unzip] Entry: client/assets/provider-icons/auth_service_email.svg (compressed_size=228 bytes, uncompressed_size=326 bytes)
[debug] [2025-10-19T02:21:08.307Z] [unzip] Processing entry: client\assets\provider-icons\auth_service_email.svg
[debug] [2025-10-19T02:21:08.307Z] [unzip] else mkdir: C:\Users\robeo\.cache\firebase\emulators\ui-v1.15.0\client\assets\provider-icons
[debug] [2025-10-19T02:21:08.308Z] [unzip] deflating: C:\Users\robeo\.cache\firebase\emulators\ui-v1.15.0\client\assets\provider-icons\auth_service_email.svg
[debug] [2025-10-19T02:21:08.313Z] [unzip] Entry: client/assets/provider-icons/auth_service_google.svg (compressed_size=409 bytes, uncompressed_size=720 bytes)
[debug] [2025-10-19T02:21:08.313Z] [unzip] Processing entry: client\assets\provider-icons\auth_service_google.svg
[debug] [2025-10-19T02:21:08.314Z] [unzip] else mkdir: C:\Users\robeo\.cache\firebase\emulators\ui-v1.15.0\client\assets\provider-icons
[debug] [2025-10-19T02:21:08.323Z] [unzip] deflating: C:\Users\robeo\.cache\firebase\emulators\ui-v1.15.0\client\assets\provider-icons\auth_service_google.svg
[debug] [2025-10-19T02:21:08.326Z] [unzip] Entry: client/assets/provider-icons/auth_service_oidc.svg (compressed_size=414 bytes, uncompressed_size=858 bytes)
[debug] [2025-10-19T02:21:08.326Z] [unzip] Processing entry: client\assets\provider-icons\auth_service_oidc.svg
[debug] [2025-10-19T02:21:08.326Z] [unzip] else mkdir: C:\Users\robeo\.cache\firebase\emulators\ui-v1.15.0\client\assets\provider-icons
[debug] [2025-10-19T02:21:08.327Z] [unzip] deflating: C:\Users\robeo\.cache\firebase\emulators\ui-v1.15.0\client\assets\provider-icons\auth_service_oidc.svg
[debug] [2025-10-19T02:21:08.339Z] [unzip] Entry: client/browserconfig.xml (compressed_size=491 bytes, uncompressed_size=822 bytes)
[debug] [2025-10-19T02:21:08.339Z] [unzip] Processing entry: client\browserconfig.xml
[debug] [2025-10-19T02:21:08.340Z] [unzip] else mkdir: C:\Users\robeo\.cache\firebase\emulators\ui-v1.15.0\client
[debug] [2025-10-19T02:21:08.340Z] [unzip] deflating: C:\Users\robeo\.cache\firebase\emulators\ui-v1.15.0\client\browserconfig.xml
[debug] [2025-10-19T02:21:08.344Z] [unzip] Entry: client/favicon-32x32.png (compressed_size=475 bytes, uncompressed_size=475 bytes)
[debug] [2025-10-19T02:21:08.344Z] [unzip] Processing entry: client\favicon-32x32.png
[debug] [2025-10-19T02:21:08.344Z] [unzip] else mkdir: C:\Users\robeo\.cache\firebase\emulators\ui-v1.15.0\client
[debug] [2025-10-19T02:21:08.355Z] [unzip] Writing file: C:\Users\robeo\.cache\firebase\emulators\ui-v1.15.0\client\favicon-32x32.png
[debug] [2025-10-19T02:21:08.358Z] [unzip] Entry: server/ (compressed_size=0 bytes, uncompressed_size=0 bytes)
[debug] [2025-10-19T02:21:08.359Z] [unzip] Processing entry: server\
[debug] [2025-10-19T02:21:08.359Z] [unzip] mkdir: C:\Users\robeo\.cache\firebase\emulators\ui-v1.15.0\server\
[debug] [2025-10-19T02:21:08.360Z] [unzip] Entry: server/server.mjs.map (compressed_size=217845 bytes, uncompressed_size=944978 bytes)
[debug] [2025-10-19T02:21:08.360Z] [unzip] Processing entry: server\server.mjs.map
[debug] [2025-10-19T02:21:08.360Z] [unzip] else mkdir: C:\Users\robeo\.cache\firebase\emulators\ui-v1.15.0\server
[debug] [2025-10-19T02:21:08.372Z] [unzip] deflating: C:\Users\robeo\.cache\firebase\emulators\ui-v1.15.0\server\server.mjs.map
[debug] [2025-10-19T02:21:08.407Z] [unzip] Entry: server/server.mjs (compressed_size=276407 bytes, uncompressed_size=933701 bytes)
[debug] [2025-10-19T02:21:08.407Z] [unzip] Processing entry: server\server.mjs
[debug] [2025-10-19T02:21:08.407Z] [unzip] else mkdir: C:\Users\robeo\.cache\firebase\emulators\ui-v1.15.0\server
[debug] [2025-10-19T02:21:08.408Z] [unzip] deflating: C:\Users\robeo\.cache\firebase\emulators\ui-v1.15.0\server\server.mjs
[info] i  ui: Removing outdated emulator files: ui-v1.14.0 {"metadata":{"emulator":{"name":"ui"},"message":"Removing outdated emulator files: ui-v1.14.0"}}
[info] i  ui: Removing outdated emulator files: ui-v1.14.0.zip {"metadata":{"emulator":{"name":"ui"},"message":"Removing outdated emulator files: ui-v1.14.0.zip"}}
[debug] [2025-10-19T02:21:08.606Z] Could not find VSCode notification endpoint: FetchError: request to http://localhost:40001/vscode/notify failed, reason: . If you are not running the Firebase Data Connect VSCode extension, this is expected and not an issue.
[info] 
┌─────────────────────────────────────────────────────────────┐
│ ✔  All emulators ready! It is now safe to connect your app. │
│ i  View Emulator UI at http://127.0.0.1:4000/               │
└─────────────────────────────────────────────────────────────┘

┌───────────┬────────────────┬─────────────────────────────────┐
│ Emulator  │ Host:Port      │ View in Emulator UI             │
├───────────┼────────────────┼─────────────────────────────────┤
│ Firestore │ 127.0.0.1:8080 │ http://127.0.0.1:4000/firestore │
└───────────┴────────────────┴─────────────────────────────────┘
  Emulator Hub host: 127.0.0.1 port: 4400
  Other reserved ports: 4500, 9150

Issues? Report them at https://github.com/firebase/firebase-tools/issues and attach the *-debug.log files.
 
