[debug] [2025-10-13T02:42:40.708Z] ----------------------------------------------------------------------
[debug] [2025-10-13T02:42:40.722Z] Command:       C:\Program Files\nodejs\node.exe C:\Users\robeo\AppData\Roaming\npm\node_modules\firebase-tools\lib\bin\firebase.js login:ci --no-localhost
[debug] [2025-10-13T02:42:40.723Z] CLI Version:   14.18.0
[debug] [2025-10-13T02:42:40.723Z] Platform:      win32
[debug] [2025-10-13T02:42:40.723Z] Node Version:  v22.18.0
[debug] [2025-10-13T02:42:40.724Z] Time:          Sun Oct 12 2025 22:42:40 GMT-0400 (Eastern Daylight Time)
[debug] [2025-10-13T02:42:40.724Z] ----------------------------------------------------------------------
[debug] 
[warn] !  Authenticating with a `login:ci` token is deprecated and will be removed in a future major version of `firebase-tools`. Instead, use a service account key with `GOOGLE_APPLICATION_CREDENTIALS`: https://cloud.google.com/docs/authentication/getting-started 
[debug] [2025-10-13T02:42:41.046Z] >>> [apiv2][query] POST https://auth.firebase.tools/attest [none]
[debug] [2025-10-13T02:42:41.047Z] >>> [apiv2][body] POST https://auth.firebase.tools/attest {"session_id":"949a64ef-0c9e-4ca4-a2ea-1dbac6204d2b"}
[debug] [2025-10-13T02:42:41.485Z] <<< [apiv2][status] POST https://auth.firebase.tools/attest 200
[debug] [2025-10-13T02:42:41.487Z] <<< [apiv2][body] POST https://auth.firebase.tools/attest {"token":"4z7YhFE5hdu2sYf7pi04asrHzXUjj9YlFTASgE2xN68"}
[info] 
[info] To sign in to the Firebase CLI:
[info] 
[info] 1. Take note of your session ID:
[info] 
[info]    949A6
[info] 
[info] 2. Visit the URL below on any device and follow the instructions to get your code:
[info] 
[info]    https://auth.firebase.tools/login?code_challenge=j01bMxJKs7xftVPOn_XQEWSerLM8QYI3RATfN5ptvnY&session=949a64ef-0c9e-4ca4-a2ea-1dbac6204d2b&attest=4z7YhFE5hdu2sYf7pi04asrHzXUjj9YlFTASgE2xN68
[info] 
[info] 3. Paste or enter the authorization code below once you have it:
[info] 
[debug] [2025-10-13T14:32:19.825Z] ExitPromptError: User force closed the prompt with SIGINT
    at Interface.sigint (C:\Users\robeo\AppData\Roaming\npm\node_modules\firebase-tools\node_modules\@inquirer\core\dist\commonjs\lib\create-prompt.js:101:37)
    at Interface.emit (node:events:518:28)
    at Interface.emit (node:domain:489:12)
    at [_ttyWrite] [as _ttyWrite] (node:internal/readline/interface:1132:18)
    at ReadStream.onkeypress (node:internal/readline/interface:271:20)
    at ReadStream.emit (node:events:530:35)
    at ReadStream.emit (node:domain:489:12)
    at emitKeys (node:internal/readline/utils:370:14)
    at emitKeys.next (<anonymous>)
    at ReadStream.onData (node:internal/readline/emitKeypressEvents:64:36)
[error] 
[error] Error: An unexpected error has occurred.
